#
# A fatal error has been detected by the Java Runtime Environment:
#
#  EXCEPTION_ACCESS_VIOLATION (0xc0000005) at pc=0x00000000506223d9, pid=6420, tid=0x0000000000002748
#
# JRE version: Java(TM) SE Runtime Environment (8.0_101-b13) (build 1.8.0_101-b13)
# Java VM: Java HotSpot(TM) 64-Bit Server VM (25.101-b13 mixed mode windows-amd64 compressed oops)
# Problematic frame:
# V  [jvm.dll+0x4c23d9]
#
# Failed to write core dump. Minidumps are not enabled by default on client versions of Windows
#
# If you would like to submit a bug report, please visit:
#   http://bugreport.java.com/bugreport/crash.jsp
#

---------------  T H R E A D  ---------------

Current thread (0x0000000016b80800):  JavaThread "C2 CompilerThread1" daemon [_thread_in_native, id=10056, stack(0x0000000016560000,0x0000000016660000)]

siginfo: ExceptionCode=0xc0000005, reading address 0x000000101739c730

Registers:
RAX=0x0000000017360b20, RBX=0x000000101739c730, RCX=0x0000000000000003, RDX=0x000000001735d4e1
RSP=0x000000001665b5e0, RBP=0x000000001665bae0, RSI=0x000000001665bb00, RDI=0x000000001665b6a8
R8 =0x0000000016b83821, R9 =0x0000000000000000, R10=0x000000001756c4b0, R11=0x0000000000080000
R12=0x000000001665b688, R13=0x0000000000000018, R14=0x0000000017360af0, R15=0x0000000000000003
RIP=0x00000000506223d9, EFLAGS=0x0000000000010206

Top of Stack: (sp=0x000000001665b5e0)
0x000000001665b5e0:   0000000016ce1ee0 0000000000000018
0x000000001665b5f0:   000000001665b6a8 000000001665b688
0x000000001665b600:   0000000016ec4a70 00000000150b76c0
0x000000001665b610:   0000000000000001 0000000000000002
0x000000001665b620:   0000000016b83890 00000000179175e0
0x000000001665b630:   00000000150b76c0 000000001665bae0
0x000000001665b640:   000000001665b750 000000005062447b
0x000000001665b650:   000000001665bae0 000000001665b6a8
0x000000001665b660:   0000000000000003 000000001665b6f8
0x000000001665b670:   000000001791b630 000000001791f5c8
0x000000001665b680:   0000000000028310 00000000150b76c0
0x000000001665b690:   0000000000000080 0000000016e89860
0x000000001665b6a0:   000000000000003a 00000000507d5a58
0x000000001665b6b0:   00000000150b76c0 0000000000000040
0x000000001665b6c0:   0000000016e89760 0000000000000001
0x000000001665b6d0:   00000000179175e0 00000000150b76c0 

Instructions: (pc=0x00000000506223d9)
0x00000000506223b9:   00 00 0f 1f 44 00 00 49 8b 46 08 41 ff c7 49 83
0x00000000506223c9:   c5 08 49 8b 5c 05 f8 48 85 db 0f 84 d3 00 00 00
0x00000000506223d9:   48 8b 03 48 8b cb ff 90 b0 00 00 00 84 c0 74 37
0x00000000506223e9:   48 8b 03 48 8b cb ff 50 10 84 c0 75 2a 48 8b 43 


Register to memory mapping:

RAX=0x0000000017360b20 is an unknown value
RBX=0x000000101739c730 is an unknown value
RCX=0x0000000000000003 is an unknown value
RDX=0x000000001735d4e1 is an unknown value
RSP=0x000000001665b5e0 is pointing into the stack for thread: 0x0000000016b80800
RBP=0x000000001665bae0 is pointing into the stack for thread: 0x0000000016b80800
RSI=0x000000001665bb00 is pointing into the stack for thread: 0x0000000016b80800
RDI=0x000000001665b6a8 is pointing into the stack for thread: 0x0000000016b80800
R8 =0x0000000016b83821 is an unknown value
R9 =0x0000000000000000 is an unknown value
R10=0x000000001756c4b0 is an unknown value
R11=0x0000000000080000 is an unknown value
R12=0x000000001665b688 is pointing into the stack for thread: 0x0000000016b80800
R13=0x0000000000000018 is an unknown value
R14=0x0000000017360af0 is an unknown value
R15=0x0000000000000003 is an unknown value


Stack: [0x0000000016560000,0x0000000016660000],  sp=0x000000001665b5e0,  free space=1005k
Native frames: (J=compiled Java code, j=interpreted, Vv=VM code, C=native code)
V  [jvm.dll+0x4c23d9]
V  [jvm.dll+0x4c447b]
V  [jvm.dll+0x475049]
V  [jvm.dll+0x4762e4]
V  [jvm.dll+0x458d82]
V  [jvm.dll+0xa57c2]
V  [jvm.dll+0xa60ff]
V  [jvm.dll+0x2451a4]
V  [jvm.dll+0x29c18a]
C  [msvcr100.dll+0x21d9f]
C  [msvcr100.dll+0x21e3b]
C  [kernel32.dll+0x15a4d]
C  [ntdll.dll+0x2b831]


Current CompileTask:
C2:   3401 1116       4       com.android.dx.ssa.SsaMethod$2::addToUses (48 bytes)


---------------  P R O C E S S  ---------------

Java Threads: ( => current thread )
  0x000000000204f000 JavaThread "DestroyJavaVM" [_thread_blocked, id=10464, stack(0x0000000002290000,0x0000000002390000)]
  0x0000000016bf7000 JavaThread "Service Thread" daemon [_thread_blocked, id=10304, stack(0x0000000016f90000,0x0000000017090000)]
  0x0000000016b85000 JavaThread "C1 CompilerThread2" daemon [_thread_blocked, id=8180, stack(0x0000000016970000,0x0000000016a70000)]
=>0x0000000016b80800 JavaThread "C2 CompilerThread1" daemon [_thread_in_native, id=10056, stack(0x0000000016560000,0x0000000016660000)]
  0x00000000150b6800 JavaThread "C2 CompilerThread0" daemon [_thread_in_native, id=9284, stack(0x0000000016a80000,0x0000000016b80000)]
  0x00000000150b3000 JavaThread "Attach Listener" daemon [_thread_blocked, id=7692, stack(0x0000000016860000,0x0000000016960000)]
  0x00000000150b1800 JavaThread "Signal Dispatcher" daemon [_thread_blocked, id=10108, stack(0x0000000016660000,0x0000000016760000)]
  0x0000000015099800 JavaThread "Finalizer" daemon [_thread_blocked, id=8836, stack(0x00000000163c0000,0x00000000164c0000)]
  0x0000000015052800 JavaThread "Reference Handler" daemon [_thread_blocked, id=11016, stack(0x00000000161c0000,0x00000000162c0000)]

Other Threads:
  0x000000001504b000 VMThread [stack: 0x0000000016000000,0x0000000016100000] [id=8984]
  0x0000000016bfd800 WatcherThread [stack: 0x0000000017190000,0x0000000017290000] [id=10632]

VM state:not at safepoint (normal execution)

VM Mutex/Monitor currently owned by a thread: None

Heap:
 PSYoungGen      total 53248K, used 15659K [0x00000000eab00000, 0x00000000ee300000, 0x0000000100000000)
  eden space 49152K, 23% used [0x00000000eab00000,0x00000000eb650fd8,0x00000000edb00000)
  from space 4096K, 99% used [0x00000000edf00000,0x00000000ee2f9c98,0x00000000ee300000)
  to   space 4096K, 0% used [0x00000000edb00000,0x00000000edb00000,0x00000000edf00000)
 ParOldGen       total 65536K, used 2337K [0x00000000c0000000, 0x00000000c4000000, 0x00000000eab00000)
  object space 65536K, 3% used [0x00000000c0000000,0x00000000c0248538,0x00000000c4000000)
 Metaspace       used 6388K, capacity 7286K, committed 7552K, reserved 1056768K
  class space    used 616K, capacity 622K, committed 640K, reserved 1048576K

Card table byte_map: [0x0000000011a20000,0x0000000011c30000] byte_map_base: 0x0000000011420000

Marking Bits: (ParMarkBitMap*) 0x000000005097a6d0
 Begin Bits: [0x00000000124c0000, 0x00000000134c0000)
 End Bits:   [0x00000000134c0000, 0x00000000144c0000)

Polling page: 0x0000000000240000

CodeCache: size=245760Kb used=5732Kb max_used=5732Kb free=240027Kb
 bounds [0x0000000002660000, 0x0000000002c00000, 0x0000000011660000]
 total_blobs=1903 nmethods=1632 adapters=185
 compilation: enabled

Compilation events (10 events):
Event: 2.010 Thread 0x0000000016b85000 nmethod 1120 0x0000000002a8d610 code [0x0000000002a8d780, 0x0000000002a8d8c8]
Event: 2.010 Thread 0x0000000016b85000 1121       2       com.android.dx.dex.code.RopTranslator::getRegs (9 bytes)
Event: 2.010 Thread 0x0000000016b85000 nmethod 1121 0x0000000002a90010 code [0x0000000002a90180, 0x0000000002a902c8]
Event: 2.011 Thread 0x0000000016b85000 1122       2       com.android.dx.rop.cst.CstFieldRef::compareTo0 (43 bytes)
Event: 2.011 Thread 0x0000000016b85000 nmethod 1122 0x0000000002a8f750 code [0x0000000002a8f900, 0x0000000002a8fc28]
Event: 2.012 Thread 0x0000000016b85000 1123   !   2       com.android.dx.cf.direct.AttributeFactory::parse (248 bytes)
Event: 2.014 Thread 0x00000000150b6800 nmethod 1050 0x0000000002a9a8d0 code [0x0000000002a9aaa0, 0x0000000002a9b0e0]
Event: 2.014 Thread 0x00000000150b6800 1119       4       com.android.dx.rop.code.RegisterSpecSet::equals (106 bytes)
Event: 2.015 Thread 0x0000000016b85000 nmethod 1123 0x0000000002a91410 code [0x0000000002a91820, 0x0000000002a93128]
Event: 2.015 Thread 0x0000000016b85000 1124       2       com.android.dx.cf.direct.StdAttributeFactory::parse0 (532 bytes)

GC Heap History (2 events):
Event: 1.623 GC heap before
{Heap before GC invocations=1 (full 0):
 PSYoungGen      total 28672K, used 24576K [0x00000000eab00000, 0x00000000ecb00000, 0x0000000100000000)
  eden space 24576K, 100% used [0x00000000eab00000,0x00000000ec300000,0x00000000ec300000)
  from space 4096K, 0% used [0x00000000ec700000,0x00000000ec700000,0x00000000ecb00000)
  to   space 4096K, 0% used [0x00000000ec300000,0x00000000ec300000,0x00000000ec700000)
 ParOldGen       total 65536K, used 0K [0x00000000c0000000, 0x00000000c4000000, 0x00000000eab00000)
  object space 65536K, 0% used [0x00000000c0000000,0x00000000c0000000,0x00000000c4000000)
 Metaspace       used 5527K, capacity 6768K, committed 7040K, reserved 1056768K
  class space    used 557K, capacity 616K, committed 640K, reserved 1048576K
Event: 1.906 GC heap after
Heap after GC invocations=1 (full 0):
 PSYoungGen      total 28672K, used 4065K [0x00000000eab00000, 0x00000000ee300000, 0x0000000100000000)
  eden space 24576K, 0% used [0x00000000eab00000,0x00000000eab00000,0x00000000ec300000)
  from space 4096K, 99% used [0x00000000ec300000,0x00000000ec6f84e0,0x00000000ec700000)
  to   space 4096K, 0% used [0x00000000edf00000,0x00000000edf00000,0x00000000ee300000)
 ParOldGen       total 65536K, used 1156K [0x00000000c0000000, 0x00000000c4000000, 0x00000000eab00000)
  object space 65536K, 1% used [0x00000000c0000000,0x00000000c0121258,0x00000000c4000000)
 Metaspace       used 5527K, capacity 6768K, committed 7040K, reserved 1056768K
  class space    used 557K, capacity 616K, committed 640K, reserved 1048576K
}

Deoptimization events (8 events):
Event: 0.942 Thread 0x000000000204f000 Uncommon trap: reason=unstable_if action=reinterpret pc=0x000000000286c8c0 method=java.util.HashMap.getNode(ILjava/lang/Object;)Ljava/util/HashMap$Node; @ 129
Event: 1.329 Thread 0x000000000204f000 Uncommon trap: reason=class_check action=maybe_recompile pc=0x0000000002917f18 method=com.android.dx.ssa.NormalSsaInsn.accept(Lcom/android/dx/ssa/SsaInsn$Visitor;)V @ 9
Event: 1.329 Thread 0x000000000204f000 Uncommon trap: reason=class_check action=maybe_recompile pc=0x0000000002917f18 method=com.android.dx.ssa.NormalSsaInsn.accept(Lcom/android/dx/ssa/SsaInsn$Visitor;)V @ 9
Event: 1.329 Thread 0x000000000204f000 Uncommon trap: reason=class_check action=maybe_recompile pc=0x0000000002917f18 method=com.android.dx.ssa.NormalSsaInsn.accept(Lcom/android/dx/ssa/SsaInsn$Visitor;)V @ 9
Event: 1.331 Thread 0x000000000204f000 Uncommon trap: reason=class_check action=maybe_recompile pc=0x0000000002917f18 method=com.android.dx.ssa.NormalSsaInsn.accept(Lcom/android/dx/ssa/SsaInsn$Visitor;)V @ 9
Event: 1.333 Thread 0x000000000204f000 Uncommon trap: reason=class_check action=maybe_recompile pc=0x00000000028e03a0 method=com.android.dx.ssa.NormalSsaInsn.accept(Lcom/android/dx/ssa/SsaInsn$Visitor;)V @ 9
Event: 1.473 Thread 0x000000000204f000 Uncommon trap: reason=null_check action=make_not_entrant pc=0x00000000029e0534 method=com.android.dx.ssa.SsaRenamer.getLocalForNewReg(I)Lcom/android/dx/rop/code/LocalItem; @ 19
Event: 1.486 Thread 0x000000000204f000 Uncommon trap: reason=null_check action=make_not_entrant pc=0x0000000002a0c160 method=com.android.dx.ssa.SsaRenamer.getLocalForNewReg(I)Lcom/android/dx/rop/code/LocalItem; @ 19

Internal exceptions (4 events):
Event: 0.067 Thread 0x000000000204f000 Exception <a 'java/lang/NoSuchMethodError': Method sun.misc.Unsafe.defineClass(Ljava/lang/String;[BII)Ljava/lang/Class; name or signature does not match> (0x00000000eab07cc0) thrown at [C:\re\workspace\8-2-build-windows-amd64-cygwin\jdk8u101\7261\hotspot\sušo«+±?
Event: 0.067 Thread 0x000000000204f000 Exception <a 'java/lang/NoSuchMethodError': Method sun.misc.Unsafe.prefetchRead(Ljava/lang/Object;J)V name or signature does not match> (0x00000000eab07fa8) thrown at [C:\re\workspace\8-2-build-windows-amd64-cygwin\jdk8u101\7261\hotspot\src\share\vm\prims\Fàv3`‘÷?
Event: 1.473 Thread 0x000000000204f000 Implicit null exception at 0x00000000029de93d to 0x00000000029e050d
Event: 1.485 Thread 0x000000000204f000 Implicit null exception at 0x0000000002a0a3b6 to 0x0000000002a0c13d

Events (10 events):
Event: 1.922 Thread 0x000000000204f000 DEOPT PACKING pc=0x000000000285bd9a sp=0x000000000238e8d0
Event: 1.922 Thread 0x000000000204f000 DEOPT UNPACKING pc=0x00000000026a71bf sp=0x000000000238e638 mode 0
Event: 1.933 Thread 0x000000000204f000 DEOPT PACKING pc=0x000000000285bd9a sp=0x000000000238ebb0
Event: 1.933 Thread 0x000000000204f000 DEOPT UNPACKING pc=0x00000000026a71bf sp=0x000000000238e928 mode 0
Event: 1.955 Thread 0x000000000204f000 DEOPT PACKING pc=0x0000000002a3aeea sp=0x000000000238e980
Event: 1.955 Thread 0x000000000204f000 DEOPT UNPACKING pc=0x00000000026a71bf sp=0x000000000238e718 mode 0
Event: 1.959 loading class com/android/dx/cf/attrib/AttEnclosingMethod
Event: 1.959 loading class com/android/dx/cf/attrib/AttEnclosingMethod done
Event: 1.973 Thread 0x000000000204f000 DEOPT PACKING pc=0x0000000002a3c63a sp=0x000000000238ebb0
Event: 1.973 Thread 0x000000000204f000 DEOPT UNPACKING pc=0x00000000026a71bf sp=0x000000000238e930 mode 0


Dynamic libraries:
0x000000013f510000 - 0x000000013f547000 	C:\Program Files\Java\jdk1.8.0_101\bin\java.exe
0x0000000077900000 - 0x0000000077aa9000 	C:\Windows\SYSTEM32\ntdll.dll
0x00000000776e0000 - 0x00000000777ff000 	C:\Windows\system32\kernel32.dll
0x000007fefd6f0000 - 0x000007fefd75c000 	C:\Windows\system32\KERNELBASE.dll
0x000007feff790000 - 0x000007feff86b000 	C:\Windows\system32\ADVAPI32.dll
0x000007fefec50000 - 0x000007fefecef000 	C:\Windows\system32\msvcrt.dll
0x000007fefda70000 - 0x000007fefda8f000 	C:\Windows\SYSTEM32\sechost.dll
0x000007feff570000 - 0x000007feff69d000 	C:\Windows\system32\RPCRT4.dll
0x0000000077800000 - 0x00000000778fa000 	C:\Windows\system32\USER32.dll
0x000007feff320000 - 0x000007feff387000 	C:\Windows\system32\GDI32.dll
0x000007feff510000 - 0x000007feff51e000 	C:\Windows\system32\LPK.dll
0x000007feff6a0000 - 0x000007feff769000 	C:\Windows\system32\USP10.dll
0x000007fefbcd0000 - 0x000007fefbec4000 	C:\Windows\WinSxS\amd64_microsoft.windows.common-controls_6595b64144ccf1df_6.0.7601.18837_none_fa3b1e3d17594757\COMCTL32.dll
0x000007feffa80000 - 0x000007feffaf1000 	C:\Windows\system32\SHLWAPI.dll
0x000007feffa50000 - 0x000007feffa7e000 	C:\Windows\system32\IMM32.DLL
0x000007feffb00000 - 0x000007feffc09000 	C:\Windows\system32\MSCTF.dll
0x000000005e570000 - 0x000000005e642000 	C:\Program Files\Java\jdk1.8.0_101\jre\bin\msvcr100.dll
0x0000000050160000 - 0x00000000509fa000 	C:\Program Files\Java\jdk1.8.0_101\jre\bin\server\jvm.dll
0x000007feebad0000 - 0x000007feebad9000 	C:\Windows\system32\WSOCK32.dll
0x000007feff520000 - 0x000007feff56d000 	C:\Windows\system32\WS2_32.dll
0x000007fefea30000 - 0x000007fefea38000 	C:\Windows\system32\NSI.dll
0x000007fefb330000 - 0x000007fefb36b000 	C:\Windows\system32\WINMM.dll
0x000007fefc7f0000 - 0x000007fefc7fc000 	C:\Windows\system32\VERSION.dll
0x0000000077ad0000 - 0x0000000077ad7000 	C:\Windows\system32\PSAPI.DLL
0x0000000074de0000 - 0x0000000074def000 	C:\Program Files\Java\jdk1.8.0_101\jre\bin\verify.dll
0x000000006ece0000 - 0x000000006ed09000 	C:\Program Files\Java\jdk1.8.0_101\jre\bin\java.dll
0x000000006ecc0000 - 0x000000006ecd6000 	C:\Program Files\Java\jdk1.8.0_101\jre\bin\zip.dll
0x000007fefdca0000 - 0x000007fefea29000 	C:\Windows\system32\SHELL32.dll
0x000007fefda90000 - 0x000007fefdc93000 	C:\Windows\system32\ole32.dll
0x000007fefd6c0000 - 0x000007fefd6cf000 	C:\Windows\system32\profapi.dll
0x000007fee13b0000 - 0x000007fee14d5000 	C:\Windows\system32\dbghelp.dll

VM Arguments:
jvm_args: -Djava.awt.headless=true -Xmx1024M -Dfile.encoding=windows-1252 -Duser.country=US -Duser.language=en -Duser.variant 
java_command: com.android.dx.command.Main --dex --force-jumbo --multi-dex --output C:\Users\kev\AndroidStudioProjects\FirstApp\app\build\intermediates\transforms\dex\debug\folders\1000\10\instant-run_c704180506ac0e287d85a7c03c3e3671f44d4c8e C:\Users\kev\AndroidStudioProjects\FirstApp\app\build\intermediates\incremental-runtime-classes\debug\instant-run.jar
java_class_path (initial): C:\Users\kev\AppData\Local\Android\sdk\build-tools\21.1.2\lib\dx.jar
Launcher Type: SUN_STANDARD

Environment Variables:
PATH=C:\ProgramData\Oracle\Java\javapath;C:\Program Files\Common Files\Microsoft Shared\Windows Live;C:\Program Files (x86)\Common Files\Microsoft Shared\Windows Live;C:\Perl64\site\bin;C:\Perl64\bin;C:\Windows\system32;C:\Windows;C:\Windows\System32\Wbem;C:\Windows\System32\WindowsPowerShell\v1.0\;c:\Program Files (x86)\Microsoft SQL Server\100\Tools\Binn\;c:\Program Files\Microsoft SQL Server\100\Tools\Binn\;c:\Program Files\Microsoft SQL Server\100\DTS\Binn\;c:\Program Files (x86)\Microsoft ASP.NET\ASP.NET Web Pages\v1.0\;C:\Program Files\MATLAB\R2010a\runtime\win64;C:\Program Files\MATLAB\R2010a\bin;C:\Program Files\Microsoft\Web Platform Installer\;C:\Program Files (x86)\Windows Kits\8.0\Windows Performance Toolkit\;C:\Program Files\Microsoft SQL Server\110\Tools\Binn\;C:\Program Files\Microsoft SQL Server\110\DTS\Binn\;C:\Program Files (x86)\Microsoft SQL Server\110\Tools\Binn\;C:\Program Files (x86)\Microsoft SQL Server\110\Tools\Binn\ManagementStudio\;C:\Program Files (x86)\Microsoft Visual Studio 10.0\Common7\IDE\PrivateAssemblies\;C:\Program Files (x86)\Microsoft SQL Server\110\DTS\Binn\;C:\Program Files (x86)\Windows Live\Shared;C:\Program Files (x86)\Skype\Phone\;C:\Program Files (x86)\NVIDIA Corporation\PhysX\Common;C:\altera\13.0sp1\modelsim_ase\win32aloem;c:\altera\13.0sp1\modelsim_ae\win32aloem
USERNAME=kev
OS=Windows_NT
PROCESSOR_IDENTIFIER=Intel64 Family 6 Model 23 Stepping 7, GenuineIntel



---------------  S Y S T E M  ---------------

OS: Windows 7 , 64 bit Build 7601 (6.1.7601.18923)

CPU:total 4 (4 cores per cpu, 1 threads per core) family 6 model 23 stepping 7, cmov, cx8, fxsr, mmx, sse, sse2, sse3, ssse3, sse4.1, tsc

Memory: 4k page, physical 6289976k(1247348k free), swap 12578112k(5694912k free)

vm_info: Java HotSpot(TM) 64-Bit Server VM (25.101-b13) for windows-amd64 JRE (1.8.0_101-b13), built on Jun 22 2016 01:21:29 by "java_re" with MS VC++ 10.0 (VS2010)

time: Sun Aug 21 12:16:05 2016
elapsed time: 3 seconds (0d 0h 0m 3s)

