#
# A fatal error has been detected by the Java Runtime Environment:
#
#  EXCEPTION_ACCESS_VIOLATION (0xc0000005) at pc=0x0000000050670962, pid=10740, tid=0x0000000000001b00
#
# JRE version: Java(TM) SE Runtime Environment (8.0_101-b13) (build 1.8.0_101-b13)
# Java VM: Java HotSpot(TM) 64-Bit Server VM (25.101-b13 mixed mode windows-amd64 compressed oops)
# Problematic frame:
# V  [jvm.dll+0x510962]
#
# Failed to write core dump. Minidumps are not enabled by default on client versions of Windows
#
# If you would like to submit a bug report, please visit:
#   http://bugreport.java.com/bugreport/crash.jsp
#

---------------  T H R E A D  ---------------

Current thread (0x0000000015246800):  JavaThread "C2 CompilerThread0" daemon [_thread_in_native, id=6912, stack(0x0000000016b00000,0x0000000016c00000)]

siginfo: ExceptionCode=0xc0000005, reading address 0x0000001017ce2128

Registers:
RAX=0x0000000017ce2180, RBX=0x00000000000000df, RCX=0x0000000000000320, RDX=0x0000000000000320
RSP=0x0000000016bfbf70, RBP=0x0000000016bfc070, RSI=0x0000000016bfc450, RDI=0x0000000000000000
R8 =0x0000000000000001, R9 =0x0000000000000001, R10=0x000000001753b7a0, R11=0x0000000016bfc450
R12=0x0000000016fc98e0, R13=0x0000000017a41ed0, R14=0x0000000017ce2160, R15=0x0000001017ce2120
RIP=0x0000000050670962, EFLAGS=0x0000000000010283

Top of Stack: (sp=0x0000000016bfbf70)
0x0000000016bfbf70:   0000000000000011 0000000016df86c8
0x0000000016bfbf80:   0000000016bfc070 0000000016fce3c0
0x0000000016bfbf90:   0000000016e1a0b0 0000000016e1a070
0x0000000016bfbfa0:   0000000000000011 0000000000000010
0x0000000016bfbfb0:   0000000016fc98e0 0000040000000320
0x0000000016bfbfc0:   0000000000000000 0000000000000007
0x0000000016bfbfd0:   00000000180f5f70 000000001753b7a0
0x0000000016bfbfe0:   0000000016cfcbf0 0000000c000007ea
0x0000000016bfbff0:   000000001753b7a0 0000000000000360
0x0000000016bfc000:   0000000017a41ed0 00000000000007ea
0x0000000016bfc010:   0000000000000060 0000000017a41ed0
0x0000000016bfc020:   00000000002616e0 0000000017a40e80
0x0000000016bfc030:   0000000017a48e68 00000000151da8d0
0x0000000016bfc040:   0000000000000000 0000000000000000
0x0000000016bfc050:   0000000000000000 0000000000000000
0x0000000016bfc060:   0000000000000000 0000000000106260 

Instructions: (pc=0x0000000050670962)
0x0000000050670942:   54 41 3b 5e 08 72 0a 8b d3 49 8b ce e8 dd 46 fe
0x0000000050670952:   ff 49 8b 46 10 48 c7 04 d8 00 00 00 00 8b 5e 54
0x0000000050670962:   41 3b 5f 08 72 0a 8b d3 49 8b cf e8 be 46 fe ff
0x0000000050670972:   49 8b 47 10 48 c7 04 d8 00 00 00 00 41 8b 44 24 


Register to memory mapping:

RAX=0x0000000017ce2180 is an unknown value
RBX=0x00000000000000df is an unknown value
RCX=0x0000000000000320 is an unknown value
RDX=0x0000000000000320 is an unknown value
RSP=0x0000000016bfbf70 is pointing into the stack for thread: 0x0000000015246800
RBP=0x0000000016bfc070 is pointing into the stack for thread: 0x0000000015246800
RSI=0x0000000016bfc450 is pointing into the stack for thread: 0x0000000015246800
RDI=0x0000000000000000 is an unknown value
R8 =0x0000000000000001 is an unknown value
R9 =0x0000000000000001 is an unknown value
R10=0x000000001753b7a0 is an unknown value
R11=0x0000000016bfc450 is pointing into the stack for thread: 0x0000000015246800
R12=0x0000000016fc98e0 is an unknown value
R13=0x0000000017a41ed0 is an unknown value
R14=0x0000000017ce2160 is an unknown value
R15=0x0000001017ce2120 is an unknown value


Stack: [0x0000000016b00000,0x0000000016c00000],  sp=0x0000000016bfbf70,  free space=1007k
Native frames: (J=compiled Java code, j=interpreted, Vv=VM code, C=native code)
V  [jvm.dll+0x510962]
V  [jvm.dll+0x468813]
V  [jvm.dll+0x473aab]
V  [jvm.dll+0x476378]
V  [jvm.dll+0x458d82]
V  [jvm.dll+0xa57c2]
V  [jvm.dll+0xa60ff]
V  [jvm.dll+0x2451a4]
V  [jvm.dll+0x29c18a]
C  [msvcr100.dll+0x21d9f]
C  [msvcr100.dll+0x21e3b]
C  [kernel32.dll+0x15a4d]
C  [ntdll.dll+0x2b831]


Current CompileTask:
C2:   6349 1310   !   4       com.android.dx.cf.code.BytecodeArray::parseInstruction (2764 bytes)


---------------  P R O C E S S  ---------------

Java Threads: ( => current thread )
  0x0000000016c6a800 JavaThread "Service Thread" daemon [_thread_blocked, id=2656, stack(0x0000000017300000,0x0000000017400000)]
  0x000000001524f800 JavaThread "C1 CompilerThread2" daemon [_thread_blocked, id=9520, stack(0x00000000165f0000,0x00000000166f0000)]
  0x0000000016c65800 JavaThread "C2 CompilerThread1" daemon [_thread_blocked, id=10116, stack(0x0000000017090000,0x0000000017190000)]
=>0x0000000015246800 JavaThread "C2 CompilerThread0" daemon [_thread_in_native, id=6912, stack(0x0000000016b00000,0x0000000016c00000)]
  0x0000000015243000 JavaThread "Attach Listener" daemon [_thread_blocked, id=10988, stack(0x0000000016940000,0x0000000016a40000)]
  0x0000000015241800 JavaThread "Signal Dispatcher" daemon [_thread_blocked, id=11512, stack(0x0000000016700000,0x0000000016800000)]
  0x0000000015229800 JavaThread "Finalizer" daemon [_thread_blocked, id=8592, stack(0x00000000164e0000,0x00000000165e0000)]
  0x00000000151e2800 JavaThread "Reference Handler" daemon [_thread_blocked, id=7376, stack(0x00000000162e0000,0x00000000163e0000)]
  0x000000000229f000 JavaThread "main" [_thread_in_native, id=6468, stack(0x0000000002480000,0x0000000002580000)]

Other Threads:
  0x00000000151db000 VMThread [stack: 0x0000000016100000,0x0000000016200000] [id=5528]
  0x0000000016c77000 WatcherThread [stack: 0x00000000171f0000,0x00000000172f0000] [id=11276]

VM state:not at safepoint (normal execution)

VM Mutex/Monitor currently owned by a thread: None

Heap:
 PSYoungGen      total 53248K, used 9308K [0x00000000eab00000, 0x00000000ee300000, 0x0000000100000000)
  eden space 49152K, 10% used [0x00000000eab00000,0x00000000eb01cba0,0x00000000edb00000)
  from space 4096K, 99% used [0x00000000edf00000,0x00000000ee2fa618,0x00000000ee300000)
  to   space 4096K, 0% used [0x00000000edb00000,0x00000000edb00000,0x00000000edf00000)
 ParOldGen       total 65536K, used 2394K [0x00000000c0000000, 0x00000000c4000000, 0x00000000eab00000)
  object space 65536K, 3% used [0x00000000c0000000,0x00000000c0256870,0x00000000c4000000)
 Metaspace       used 5717K, capacity 6896K, committed 7040K, reserved 1056768K
  class space    used 560K, capacity 616K, committed 640K, reserved 1048576K

Card table byte_map: [0x0000000011c10000,0x0000000011e20000] byte_map_base: 0x0000000011610000

Marking Bits: (ParMarkBitMap*) 0x000000005097a6d0
 Begin Bits: [0x0000000012650000, 0x0000000013650000)
 End Bits:   [0x0000000013650000, 0x0000000014650000)

Polling page: 0x0000000000130000

CodeCache: size=245760Kb used=5633Kb max_used=5642Kb free=240126Kb
 bounds [0x0000000002850000, 0x0000000002de0000, 0x0000000011850000]
 total_blobs=1618 nmethods=1355 adapters=178
 compilation: enabled

Compilation events (10 events):
Event: 5.975 Thread 0x000000001524f800 nmethod 1371 0x0000000002dc3690 code [0x0000000002dc3940, 0x0000000002dc5318]
Event: 5.975 Thread 0x000000001524f800 1372       3       com.android.dx.dex.code.RopTranslator::outputInstructions (69 bytes)
Event: 5.975 Thread 0x000000001524f800 nmethod 1372 0x0000000002dc6150 code [0x0000000002dc62e0, 0x0000000002dc6738]
Event: 5.977 Thread 0x000000001524f800 1373       3       com.android.dx.rop.annotation.Annotations::size (8 bytes)
Event: 5.978 Thread 0x000000001524f800 nmethod 1373 0x0000000002dc6910 code [0x0000000002dc6a60, 0x0000000002dc6bf0]
Event: 6.139 Thread 0x0000000016c65800 nmethod 1312 0x0000000002dcbb50 code [0x0000000002dcbe60, 0x0000000002dce038]
Event: 6.139 Thread 0x0000000016c65800 1315       4       com.android.dx.ssa.back.LivenessAnalyzer::run (231 bytes)
Event: 6.225 Thread 0x0000000016c65800 nmethod 1315 0x0000000002dd1a50 code [0x0000000002dd1ce0, 0x0000000002dd34f0]
Event: 6.226 Thread 0x0000000016c65800 1313       4       com.android.dx.ssa.LiteralOpUpgrader$1::visitNonMoveInsn (203 bytes)
Event: 6.283 Thread 0x0000000016c65800 nmethod 1313 0x0000000002dd5c50 code [0x0000000002dd6000, 0x0000000002dd7778]

GC Heap History (4 events):
Event: 3.064 GC heap before
{Heap before GC invocations=1 (full 0):
 PSYoungGen      total 28672K, used 24576K [0x00000000eab00000, 0x00000000ecb00000, 0x0000000100000000)
  eden space 24576K, 100% used [0x00000000eab00000,0x00000000ec300000,0x00000000ec300000)
  from space 4096K, 0% used [0x00000000ec700000,0x00000000ec700000,0x00000000ecb00000)
  to   space 4096K, 0% used [0x00000000ec300000,0x00000000ec300000,0x00000000ec700000)
 ParOldGen       total 65536K, used 0K [0x00000000c0000000, 0x00000000c4000000, 0x00000000eab00000)
  object space 65536K, 0% used [0x00000000c0000000,0x00000000c0000000,0x00000000c4000000)
 Metaspace       used 5524K, capacity 6768K, committed 7040K, reserved 1056768K
  class space    used 557K, capacity 616K, committed 640K, reserved 1048576K
Event: 3.271 GC heap after
Heap after GC invocations=1 (full 0):
 PSYoungGen      total 28672K, used 4074K [0x00000000eab00000, 0x00000000ee300000, 0x0000000100000000)
  eden space 24576K, 0% used [0x00000000eab00000,0x00000000eab00000,0x00000000ec300000)
  from space 4096K, 99% used [0x00000000ec300000,0x00000000ec6faab8,0x00000000ec700000)
  to   space 4096K, 0% used [0x00000000edf00000,0x00000000edf00000,0x00000000ee300000)
 ParOldGen       total 65536K, used 1115K [0x00000000c0000000, 0x00000000c4000000, 0x00000000eab00000)
  object space 65536K, 1% used [0x00000000c0000000,0x00000000c0116e50,0x00000000c4000000)
 Metaspace       used 5524K, capacity 6768K, committed 7040K, reserved 1056768K
  class space    used 557K, capacity 616K, committed 640K, reserved 1048576K
}
Event: 4.437 GC heap before
{Heap before GC invocations=2 (full 0):
 PSYoungGen      total 28672K, used 28650K [0x00000000eab00000, 0x00000000ee300000, 0x0000000100000000)
  eden space 24576K, 100% used [0x00000000eab00000,0x00000000ec300000,0x00000000ec300000)
  from space 4096K, 99% used [0x00000000ec300000,0x00000000ec6faab8,0x00000000ec700000)
  to   space 4096K, 0% used [0x00000000edf00000,0x00000000edf00000,0x00000000ee300000)
 ParOldGen       total 65536K, used 1115K [0x00000000c0000000, 0x00000000c4000000, 0x00000000eab00000)
  object space 65536K, 1% used [0x00000000c0000000,0x00000000c0116e50,0x00000000c4000000)
 Metaspace       used 5693K, capacity 6896K, committed 7040K, reserved 1056768K
  class space    used 560K, capacity 616K, committed 640K, reserved 1048576K
Event: 4.839 GC heap after
Heap after GC invocations=2 (full 0):
 PSYoungGen      total 53248K, used 4073K [0x00000000eab00000, 0x00000000ee300000, 0x0000000100000000)
  eden space 49152K, 0% used [0x00000000eab00000,0x00000000eab00000,0x00000000edb00000)
  from space 4096K, 99% used [0x00000000edf00000,0x00000000ee2fa618,0x00000000ee300000)
  to   space 4096K, 0% used [0x00000000edb00000,0x00000000edb00000,0x00000000edf00000)
 ParOldGen       total 65536K, used 2394K [0x00000000c0000000, 0x00000000c4000000, 0x00000000eab00000)
  object space 65536K, 3% used [0x00000000c0000000,0x00000000c0256870,0x00000000c4000000)
 Metaspace       used 5693K, capacity 6896K, committed 7040K, reserved 1056768K
  class space    used 560K, capacity 616K, committed 640K, reserved 1048576K
}

Deoptimization events (10 events):
Event: 4.029 Thread 0x000000000229f000 Uncommon trap: reason=bimorphic action=maybe_recompile pc=0x0000000002c78c60 method=com.android.dx.cf.code.Merger.mergeType(Lcom/android/dx/rop/type/TypeBearer;Lcom/android/dx/rop/type/TypeBearer;)Lcom/android/dx/rop/type/TypeBearer; @ 21
Event: 4.031 Thread 0x000000000229f000 Uncommon trap: reason=bimorphic action=maybe_recompile pc=0x0000000002c78c60 method=com.android.dx.cf.code.Merger.mergeType(Lcom/android/dx/rop/type/TypeBearer;Lcom/android/dx/rop/type/TypeBearer;)Lcom/android/dx/rop/type/TypeBearer; @ 21
Event: 4.042 Thread 0x000000000229f000 Uncommon trap: reason=bimorphic action=maybe_recompile pc=0x0000000002c78c60 method=com.android.dx.cf.code.Merger.mergeType(Lcom/android/dx/rop/type/TypeBearer;Lcom/android/dx/rop/type/TypeBearer;)Lcom/android/dx/rop/type/TypeBearer; @ 21
Event: 4.108 Thread 0x000000000229f000 Uncommon trap: reason=bimorphic action=maybe_recompile pc=0x0000000002c3a204 method=com.android.dx.ssa.SCCP.setLatticeValueTo(IILcom/android/dx/rop/cst/Constant;)Z @ 43
Event: 4.108 Thread 0x000000000229f000 Uncommon trap: reason=bimorphic action=maybe_recompile pc=0x0000000002c3a204 method=com.android.dx.ssa.SCCP.setLatticeValueTo(IILcom/android/dx/rop/cst/Constant;)Z @ 43
Event: 4.109 Thread 0x000000000229f000 Uncommon trap: reason=bimorphic action=maybe_recompile pc=0x0000000002a702ec method=java.util.HashMap.getNode(ILjava/lang/Object;)Ljava/util/HashMap$Node; @ 126
Event: 4.109 Thread 0x000000000229f000 Uncommon trap: reason=class_check action=maybe_recompile pc=0x0000000002bee514 method=java.util.HashMap.putVal(ILjava/lang/Object;Ljava/lang/Object;ZZ)Ljava/lang/Object; @ 203
Event: 4.114 Thread 0x000000000229f000 Uncommon trap: reason=bimorphic action=maybe_recompile pc=0x0000000002c3a204 method=com.android.dx.ssa.SCCP.setLatticeValueTo(IILcom/android/dx/rop/cst/Constant;)Z @ 43
Event: 4.114 Thread 0x000000000229f000 Uncommon trap: reason=bimorphic action=maybe_recompile pc=0x0000000002c3a204 method=com.android.dx.ssa.SCCP.setLatticeValueTo(IILcom/android/dx/rop/cst/Constant;)Z @ 43
Event: 4.422 Thread 0x000000000229f000 Uncommon trap: reason=unstable_if action=reinterpret pc=0x0000000002d221e8 method=com.android.dx.rop.code.DexTranslationAdvice.requiresSourcesInOrder(Lcom/android/dx/rop/code/Rop;Lcom/android/dx/rop/code/RegisterSpecList;)Z @ 21

Internal exceptions (2 events):
Event: 0.096 Thread 0x000000000229f000 Exception <a 'java/lang/NoSuchMethodError': Method sun.misc.Unsafe.defineClass(Ljava/lang/String;[BII)Ljava/lang/Class; name or signature does not match> (0x00000000eab07cc0) thrown at [C:\re\workspace\8-2-build-windows-amd64-cygwin\jdk8u101\7261\hotspot\s£¾…¾¥°¸?
Event: 0.096 Thread 0x000000000229f000 Exception <a 'java/lang/NoSuchMethodError': Method sun.misc.Unsafe.prefetchRead(Ljava/lang/Object;J)V name or signature does not match> (0x00000000eab07fa8) thrown at [C:\re\workspace\8-2-build-windows-amd64-cygwin\jdk8u101\7261\hotspot\src\share\vm\prims\

Events (10 events):
Event: 4.423 loading class java/util/TreeMap$EntryIterator
Event: 4.423 loading class java/util/TreeMap$EntryIterator done
Event: 4.423 Executing VM operation: Deoptimize
Event: 4.424 Executing VM operation: Deoptimize done
Event: 4.424 Thread 0x000000000229f000 DEOPT PACKING pc=0x0000000002be907c sp=0x000000000257eb60
Event: 4.424 Thread 0x000000000229f000 DEOPT UNPACKING pc=0x00000000028971bf sp=0x000000000257e928 mode 0
Event: 4.436 Executing VM operation: ParallelGCFailedAllocation
Event: 4.839 Executing VM operation: ParallelGCFailedAllocation done
Event: 5.978 loading class com/android/dx/dex/file/FieldAnnotationStruct
Event: 5.978 loading class com/android/dx/dex/file/FieldAnnotationStruct done


Dynamic libraries:
0x000000013f510000 - 0x000000013f547000 	C:\Program Files\Java\jdk1.8.0_101\bin\java.exe
0x0000000077900000 - 0x0000000077aa9000 	C:\Windows\SYSTEM32\ntdll.dll
0x00000000776e0000 - 0x00000000777ff000 	C:\Windows\system32\kernel32.dll
0x000007fefd6f0000 - 0x000007fefd75c000 	C:\Windows\system32\KERNELBASE.dll
0x000007feff790000 - 0x000007feff86b000 	C:\Windows\system32\ADVAPI32.dll
0x000007fefec50000 - 0x000007fefecef000 	C:\Windows\system32\msvcrt.dll
0x000007fefda70000 - 0x000007fefda8f000 	C:\Windows\SYSTEM32\sechost.dll
0x000007feff570000 - 0x000007feff69d000 	C:\Windows\system32\RPCRT4.dll
0x0000000077800000 - 0x00000000778fa000 	C:\Windows\system32\USER32.dll
0x000007feff320000 - 0x000007feff387000 	C:\Windows\system32\GDI32.dll
0x000007feff510000 - 0x000007feff51e000 	C:\Windows\system32\LPK.dll
0x000007feff6a0000 - 0x000007feff769000 	C:\Windows\system32\USP10.dll
0x000007fefbcd0000 - 0x000007fefbec4000 	C:\Windows\WinSxS\amd64_microsoft.windows.common-controls_6595b64144ccf1df_6.0.7601.18837_none_fa3b1e3d17594757\COMCTL32.dll
0x000007feffa80000 - 0x000007feffaf1000 	C:\Windows\system32\SHLWAPI.dll
0x000007feffa50000 - 0x000007feffa7e000 	C:\Windows\system32\IMM32.DLL
0x000007feffb00000 - 0x000007feffc09000 	C:\Windows\system32\MSCTF.dll
0x000000005e570000 - 0x000000005e642000 	C:\Program Files\Java\jdk1.8.0_101\jre\bin\msvcr100.dll
0x0000000050160000 - 0x00000000509fa000 	C:\Program Files\Java\jdk1.8.0_101\jre\bin\server\jvm.dll
0x000007feebad0000 - 0x000007feebad9000 	C:\Windows\system32\WSOCK32.dll
0x000007feff520000 - 0x000007feff56d000 	C:\Windows\system32\WS2_32.dll
0x000007fefea30000 - 0x000007fefea38000 	C:\Windows\system32\NSI.dll
0x000007fefb330000 - 0x000007fefb36b000 	C:\Windows\system32\WINMM.dll
0x000007fefc7f0000 - 0x000007fefc7fc000 	C:\Windows\system32\VERSION.dll
0x0000000077ad0000 - 0x0000000077ad7000 	C:\Windows\system32\PSAPI.DLL
0x0000000074de0000 - 0x0000000074def000 	C:\Program Files\Java\jdk1.8.0_101\jre\bin\verify.dll
0x000000006ece0000 - 0x000000006ed09000 	C:\Program Files\Java\jdk1.8.0_101\jre\bin\java.dll
0x000000006ecc0000 - 0x000000006ecd6000 	C:\Program Files\Java\jdk1.8.0_101\jre\bin\zip.dll
0x000007fefdca0000 - 0x000007fefea29000 	C:\Windows\system32\SHELL32.dll
0x000007fefda90000 - 0x000007fefdc93000 	C:\Windows\system32\ole32.dll
0x000007fefd6c0000 - 0x000007fefd6cf000 	C:\Windows\system32\profapi.dll
0x000007fee13b0000 - 0x000007fee14d5000 	C:\Windows\system32\dbghelp.dll

VM Arguments:
jvm_args: -Djava.awt.headless=true -Xmx1024M -Dfile.encoding=windows-1252 -Duser.country=US -Duser.language=en -Duser.variant 
java_command: com.android.dx.command.Main --dex --force-jumbo --multi-dex --output C:\Users\kev\AndroidStudioProjects\FirstApp\app\build\intermediates\transforms\dex\debug\folders\1000\10\instant-run_c704180506ac0e287d85a7c03c3e3671f44d4c8e C:\Users\kev\AndroidStudioProjects\FirstApp\app\build\intermediates\incremental-runtime-classes\debug\instant-run.jar
java_class_path (initial): C:\Users\kev\AppData\Local\Android\sdk\build-tools\21.1.2\lib\dx.jar
Launcher Type: SUN_STANDARD

Environment Variables:
PATH=C:\ProgramData\Oracle\Java\javapath;C:\Program Files\Common Files\Microsoft Shared\Windows Live;C:\Program Files (x86)\Common Files\Microsoft Shared\Windows Live;C:\Perl64\site\bin;C:\Perl64\bin;C:\Windows\system32;C:\Windows;C:\Windows\System32\Wbem;C:\Windows\System32\WindowsPowerShell\v1.0\;c:\Program Files (x86)\Microsoft SQL Server\100\Tools\Binn\;c:\Program Files\Microsoft SQL Server\100\Tools\Binn\;c:\Program Files\Microsoft SQL Server\100\DTS\Binn\;c:\Program Files (x86)\Microsoft ASP.NET\ASP.NET Web Pages\v1.0\;C:\Program Files\MATLAB\R2010a\runtime\win64;C:\Program Files\MATLAB\R2010a\bin;C:\Program Files\Microsoft\Web Platform Installer\;C:\Program Files (x86)\Windows Kits\8.0\Windows Performance Toolkit\;C:\Program Files\Microsoft SQL Server\110\Tools\Binn\;C:\Program Files\Microsoft SQL Server\110\DTS\Binn\;C:\Program Files (x86)\Microsoft SQL Server\110\Tools\Binn\;C:\Program Files (x86)\Microsoft SQL Server\110\Tools\Binn\ManagementStudio\;C:\Program Files (x86)\Microsoft Visual Studio 10.0\Common7\IDE\PrivateAssemblies\;C:\Program Files (x86)\Microsoft SQL Server\110\DTS\Binn\;C:\Program Files (x86)\Windows Live\Shared;C:\Program Files (x86)\Skype\Phone\;C:\Program Files (x86)\NVIDIA Corporation\PhysX\Common;C:\altera\13.0sp1\modelsim_ase\win32aloem;c:\altera\13.0sp1\modelsim_ae\win32aloem
USERNAME=kev
OS=Windows_NT
PROCESSOR_IDENTIFIER=Intel64 Family 6 Model 23 Stepping 7, GenuineIntel



---------------  S Y S T E M  ---------------

OS: Windows 7 , 64 bit Build 7601 (6.1.7601.18923)

CPU:total 4 (4 cores per cpu, 1 threads per core) family 6 model 23 stepping 7, cmov, cx8, fxsr, mmx, sse, sse2, sse3, ssse3, sse4.1, tsc

Memory: 4k page, physical 6289976k(949904k free), swap 12578112k(5387048k free)

vm_info: Java HotSpot(TM) 64-Bit Server VM (25.101-b13) for windows-amd64 JRE (1.8.0_101-b13), built on Jun 22 2016 01:21:29 by "java_re" with MS VC++ 10.0 (VS2010)

time: Sun Aug 21 12:29:01 2016
elapsed time: 6 seconds (0d 0h 0m 6s)

